[debug] [2025-03-20T18:21:37.821Z] ----------------------------------------------------------------------
[debug] [2025-03-20T18:21:37.832Z] Command:       /usr/local/Cellar/node/23.6.0/bin/node /usr/local/bin/firebase init
[debug] [2025-03-20T18:21:37.832Z] CLI Version:   13.34.0
[debug] [2025-03-20T18:21:37.833Z] Platform:      darwin
[debug] [2025-03-20T18:21:37.833Z] Node Version:  v23.6.0
[debug] [2025-03-20T18:21:37.833Z] Time:          Thu Mar 20 2025 13:21:37 GMT-0500 (Central Daylight Time)
[debug] [2025-03-20T18:21:37.833Z] ----------------------------------------------------------------------
[debug] 
[debug] [2025-03-20T18:21:37.860Z] > command requires scopes: ["email","openid","https://www.googleapis.com/auth/cloudplatformprojects.readonly","https://www.googleapis.com/auth/firebase","https://www.googleapis.com/auth/cloud-platform"]
[debug] [2025-03-20T18:21:37.861Z] > authorizing via signed-in user (burlydigital@gmail.com)
[info] 
     ######## #### ########  ######## ########     ###     ######  ########
     ##        ##  ##     ## ##       ##     ##  ##   ##  ##       ##
     ######    ##  ########  ######   ########  #########  ######  ######
     ##        ##  ##    ##  ##       ##     ## ##     ##       ## ##
     ##       #### ##     ## ######## ########  ##     ##  ######  ########

You're about to initialize a Firebase project in this directory:

  /Users/blackinfluencemedia/Desktop/Kevins Website

[info] 
=== Account Setup
[info] 
[info] Which account do you want to use for this project? Choose an account or add a new one now
[info] 
[debug] [2025-03-20T18:21:51.378Z] setProjectAccount(/Users/blackinfluencemedia/Desktop/Kevins Website, mauricemoore.fit@gmail.com)
[info] 
[info] ✔  Using account: mauricemoore.fit@gmail.com 
[info] 
=== Project Setup
[info] 
[info] First, let's associate this project directory with a Firebase project.
[info] You can create multiple project aliases by running firebase use --add, 
[info] but for now we'll just set up a default project.
[info] 
[debug] [2025-03-20T18:21:54.190Z] No OAuth tokens found
[debug] [2025-03-20T18:21:54.191Z] No OAuth tokens found
[debug] [2025-03-20T18:21:54.191Z] > refreshing access token with scopes: []
[debug] [2025-03-20T18:21:54.193Z] >>> [apiv2][query] POST https://www.googleapis.com/oauth2/v3/token [none]
[debug] [2025-03-20T18:21:54.193Z] >>> [apiv2][body] POST https://www.googleapis.com/oauth2/v3/token [omitted]
[debug] [2025-03-20T18:21:54.530Z] <<< [apiv2][status] POST https://www.googleapis.com/oauth2/v3/token 200
[debug] [2025-03-20T18:21:54.530Z] <<< [apiv2][body] POST https://www.googleapis.com/oauth2/v3/token [omitted]
[debug] [2025-03-20T18:21:54.540Z] >>> [apiv2][query] GET https://firebase.googleapis.com/v1beta1/projects pageSize=100
[debug] [2025-03-20T18:21:54.939Z] <<< [apiv2][status] GET https://firebase.googleapis.com/v1beta1/projects 200
[debug] [2025-03-20T18:21:54.940Z] <<< [apiv2][body] GET https://firebase.googleapis.com/v1beta1/projects [omitted]
[info] i  Using project whatzfit-studios (WhatzFit Studios) 
[info] 
=== Hosting Setup
[debug] [2025-03-20T18:21:57.884Z] Checked if tokens are valid: true, expires at: 1742498513530
[debug] [2025-03-20T18:21:57.884Z] Checked if tokens are valid: true, expires at: 1742498513530
[debug] [2025-03-20T18:21:57.884Z] >>> [apiv2][query] GET https://firebase.googleapis.com/v1beta1/projects/whatzfit-studios [none]
[debug] [2025-03-20T18:21:58.229Z] <<< [apiv2][status] GET https://firebase.googleapis.com/v1beta1/projects/whatzfit-studios 200
[debug] [2025-03-20T18:21:58.230Z] <<< [apiv2][body] GET https://firebase.googleapis.com/v1beta1/projects/whatzfit-studios {"projectId":"whatzfit-studios","projectNumber":"751779724481","displayName":"WhatzFit Studios","name":"projects/whatzfit-studios","resources":{"hostingSite":"whatzfit-studios"},"state":"ACTIVE","etag":"1_bc99cd4d-cab0-4ff2-b54b-dba8c767183a"}
[info] 
[info] Your public directory is the folder (relative to your project directory) that
[info] will contain Hosting assets to be uploaded with firebase deploy. If you
[info] have a build process for your assets, use your build's output directory.
[info] 
[debug] [2025-03-20T18:22:29.626Z] >>> [apiv2][query] GET https://www.gstatic.com/firebasejs/releases.json [none]
[debug] [2025-03-20T18:22:29.719Z] <<< [apiv2][status] GET https://www.gstatic.com/firebasejs/releases.json 200
[debug] [2025-03-20T18:22:29.719Z] <<< [apiv2][body] GET https://www.gstatic.com/firebasejs/releases.json {"current":{"version":"11.5.0","browserURL":"https://www.gstatic.com/firebasejs/11.5.0/firebase.js","packageURL":"https://www.gstatic.com/firebasejs/11.5.0/firebase.tgz"},"live":{"version":"11.5","browserURL":"https://www.gstatic.com/firebasejs/live/11.5/firebase.js","packageURL":"https://www.gstatic.com/firebasejs/live/11.5/firebase.tgz"},"components":{"analytics":"https://www.gstatic.com/firebasejs/11.5.0/firebase-analytics.js","app":"https://www.gstatic.com/firebasejs/11.5.0/firebase-app.js","app-check":"https://www.gstatic.com/firebasejs/11.5.0/firebase-app-check.js","auth":"https://www.gstatic.com/firebasejs/11.5.0/firebase-auth.js","auth/cordova":"https://www.gstatic.com/firebasejs/11.5.0/firebase-auth/cordova.js","auth/web-extension":"https://www.gstatic.com/firebasejs/11.5.0/firebase-auth/web-extension.js","functions":"https://www.gstatic.com/firebasejs/11.5.0/firebase-functions.js","firestore":"https://www.gstatic.com/firebasejs/11.5.0/firebase-firestore.js","firestore/lite":"https://www.gstatic.com/firebasejs/11.5.0/firebase-firestore/lite.js","installations":"https://www.gstatic.com/firebasejs/11.5.0/firebase-installations.js","storage":"https://www.gstatic.com/firebasejs/11.5.0/firebase-storage.js","performance":"https://www.gstatic.com/firebasejs/11.5.0/firebase-performance.js","remote-config":"https://www.gstatic.com/firebasejs/11.5.0/firebase-remote-config.js","messaging":"https://www.gstatic.com/firebasejs/11.5.0/firebase-messaging.js","messaging/sw":"https://www.gstatic.com/firebasejs/11.5.0/firebase-messaging/sw.js","database":"https://www.gstatic.com/firebasejs/11.5.0/firebase-database.js","vertexai":"https://www.gstatic.com/firebasejs/11.5.0/firebase-vertexai.js","data-connect":"https://www.gstatic.com/firebasejs/11.5.0/firebase-data-connect.js","firestore.memory":"https://www.gstatic.com/firebasejs/11.5.0/firebase-firestore.memory.js"}}
[info] ✔  Wrote y/index.html 
[info] 
[info] i  Didn't detect a .git folder. Assuming /Users/blackinfluencemedia/Desktop/Kevins Website is the project root. 
[info] i  Authorizing with GitHub to upload your service account to a GitHub repository's secrets store. 
[info] 
[info] Visit this URL on this device to log in:
[info] https://github.com/login/oauth/authorize?client_id=89cf50f02ac6aaed3484&state=128407153&redirect_uri=http%3A%2F%2Flocalhost%3A9005&scope=read%3Auser%20repo%20public_repo
[info] 
[info] Waiting for authentication...
[debug] [2025-03-20T18:23:04.897Z] >>> [apiv2][query] POST https://github.com/login/oauth/access_token [none]
[debug] [2025-03-20T18:23:04.897Z] >>> [apiv2][body] POST https://github.com/login/oauth/access_token [stream]
[debug] [2025-03-20T18:23:05.350Z] <<< [apiv2][status] POST https://github.com/login/oauth/access_token 200
[debug] [2025-03-20T18:23:05.350Z] <<< [apiv2][body] POST https://github.com/login/oauth/access_token {"access_token":"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","token_type":"bearer","scope":"read:user,repo"}
[debug] [2025-03-20T18:23:05.356Z] >>> [apiv2][query] GET https://api.github.com/user [none]
[debug] [2025-03-20T18:23:05.992Z] <<< [apiv2][status] GET https://api.github.com/user 200
[debug] [2025-03-20T18:23:05.992Z] <<< [apiv2][body] GET https://api.github.com/user {"login":"MauriceCode","id":61361434,"node_id":"MDQ6VXNlcjYxMzYxNDM0","avatar_url":"https://avatars.githubusercontent.com/u/61361434?v=4","gravatar_id":"","url":"https://api.github.com/users/MauriceCode","html_url":"https://github.com/MauriceCode","followers_url":"https://api.github.com/users/MauriceCode/followers","following_url":"https://api.github.com/users/MauriceCode/following{/other_user}","gists_url":"https://api.github.com/users/MauriceCode/gists{/gist_id}","starred_url":"https://api.github.com/users/MauriceCode/starred{/owner}{/repo}","subscriptions_url":"https://api.github.com/users/MauriceCode/subscriptions","organizations_url":"https://api.github.com/users/MauriceCode/orgs","repos_url":"https://api.github.com/users/MauriceCode/repos","events_url":"https://api.github.com/users/MauriceCode/events{/privacy}","received_events_url":"https://api.github.com/users/MauriceCode/received_events","type":"User","user_view_type":"private","site_admin":false,"name":"Maurice Moore ","company":null,"blog":"","location":null,"email":null,"hireable":null,"bio":null,"twitter_username":null,"notification_email":null,"public_repos":36,"public_gists":0,"followers":1,"following":4,"created_at":"2020-02-22T19:12:19Z","updated_at":"2025-03-19T03:36:57Z","private_gists":0,"total_private_repos":9,"owned_private_repos":9,"disk_usage":87386,"collaborators":0,"two_factor_authentication":false,"plan":{"name":"free","space":976562499,"collaborators":0,"private_repos":10000}}
[info] 
[info] ✔  Success! Logged into GitHub as MauriceCode 
[info] 
[debug] [2025-03-20T18:23:34.052Z] >>> [apiv2][query] GET https://api.github.com/repos//actions/secrets/public-key type=owner
[debug] [2025-03-20T18:23:34.242Z] <<< [apiv2][status] GET https://api.github.com/repos//actions/secrets/public-key 404
[debug] [2025-03-20T18:23:34.244Z] <<< [apiv2][body] GET https://api.github.com/repos//actions/secrets/public-key {"message":"Not Found","documentation_url":"https://docs.github.com/rest","status":"404"}
[info] 
[info] 
[error] ⚠  The provided authorization cannot be used with this repository. If this repository is in an organization, did you remember to grant access? 
[info] 
[info] i  Action required: Visit this URL to ensure access has been granted to the appropriate organization(s) for the Firebase CLI GitHub OAuth App: 
[info] https://github.com/settings/connections/applications/89cf50f02ac6aaed3484
[info] 
[debug] [2025-03-20T18:23:47.758Z] >>> [apiv2][query] GET https://api.github.com/repos//actions/secrets/public-key type=owner
[debug] [2025-03-20T18:23:48.291Z] >>> [apiv2][query] GET https://api.github.com/repos//actions/secrets/public-key type=owner
[debug] [2025-03-20T18:23:48.385Z] <<< [apiv2][status] GET https://api.github.com/repos//actions/secrets/public-key 404
[debug] [2025-03-20T18:23:48.385Z] <<< [apiv2][body] GET https://api.github.com/repos//actions/secrets/public-key {"message":"Not Found","documentation_url":"https://docs.github.com/rest","status":"404"}
[info] 
[info] 
[error] ⚠  The provided authorization cannot be used with this repository. If this repository is in an organization, did you remember to grant access? 
[info] 
[info] i  Action required: Visit this URL to ensure access has been granted to the appropriate organization(s) for the Firebase CLI GitHub OAuth App: 
[info] https://github.com/settings/connections/applications/89cf50f02ac6aaed3484
[info] 
[debug] [2025-03-20T18:23:48.716Z] <<< [apiv2][status] GET https://api.github.com/repos//actions/secrets/public-key 404
[debug] [2025-03-20T18:23:48.716Z] <<< [apiv2][body] GET https://api.github.com/repos//actions/secrets/public-key {"message":"Not Found","documentation_url":"https://docs.github.com/rest","status":"404"}
[info] 
[info] 
[error] ⚠  The provided authorization cannot be used with this repository. If this repository is in an organization, did you remember to grant access? 
[info] 
[info] i  Action required: Visit this URL to ensure access has been granted to the appropriate organization(s) for the Firebase CLI GitHub OAuth App: 
[info] https://github.com/settings/connections/applications/89cf50f02ac6aaed3484
[info] 
[debug] [2025-03-20T18:23:49.607Z] >>> [apiv2][query] GET https://api.github.com/repos//actions/secrets/public-key type=owner
[debug] [2025-03-20T18:23:49.763Z] <<< [apiv2][status] GET https://api.github.com/repos//actions/secrets/public-key 404
[debug] [2025-03-20T18:23:49.763Z] <<< [apiv2][body] GET https://api.github.com/repos//actions/secrets/public-key {"message":"Not Found","documentation_url":"https://docs.github.com/rest","status":"404"}
[info] 
[info] 
[error] ⚠  The provided authorization cannot be used with this repository. If this repository is in an organization, did you remember to grant access? 
[info] 
[info] i  Action required: Visit this URL to ensure access has been granted to the appropriate organization(s) for the Firebase CLI GitHub OAuth App: 
[info] https://github.com/settings/connections/applications/89cf50f02ac6aaed3484
[info] 
[debug] [2025-03-20T18:23:50.376Z] >>> [apiv2][query] GET https://api.github.com/repos//actions/secrets/public-key type=owner
[debug] [2025-03-20T18:23:50.451Z] <<< [apiv2][status] GET https://api.github.com/repos//actions/secrets/public-key 404
[debug] [2025-03-20T18:23:50.451Z] <<< [apiv2][body] GET https://api.github.com/repos//actions/secrets/public-key {"message":"Not Found","documentation_url":"https://docs.github.com/rest","status":"404"}
[info] 
[info] 
[error] ⚠  The provided authorization cannot be used with this repository. If this repository is in an organization, did you remember to grant access? 
[info] 
[info] i  Action required: Visit this URL to ensure access has been granted to the appropriate organization(s) for the Firebase CLI GitHub OAuth App: 
[info] https://github.com/settings/connections/applications/89cf50f02ac6aaed3484
[info] 
